Loading required package: SummarizedExperiment
Loading required package: GenomicRanges
Loading required package: stats4
Loading required package: BiocGenerics
Loading required package: parallel

Attaching package: ‘BiocGenerics’

The following objects are masked from ‘package:parallel’:

    clusterApply, clusterApplyLB, clusterCall, clusterEvalQ,
    clusterExport, clusterMap, parApply, parCapply, parLapply,
    parLapplyLB, parRapply, parSapply, parSapplyLB

The following objects are masked from ‘package:stats’:

    IQR, mad, sd, var, xtabs

The following objects are masked from ‘package:base’:

    anyDuplicated, append, as.data.frame, basename, cbind, colnames,
    dirname, do.call, duplicated, eval, evalq, Filter, Find, get, grep,
    grepl, intersect, is.unsorted, lapply, Map, mapply, match, mget,
    order, paste, pmax, pmax.int, pmin, pmin.int, Position, rank,
    rbind, Reduce, rownames, sapply, setdiff, sort, table, tapply,
    union, unique, unsplit, which, which.max, which.min

Loading required package: S4Vectors

Attaching package: ‘S4Vectors’

The following object is masked from ‘package:base’:

    expand.grid

Loading required package: IRanges
Loading required package: GenomeInfoDb
Loading required package: Biobase
Welcome to Bioconductor

    Vignettes contain introductory material; view with
    'browseVignettes()'. To cite Bioconductor, see
    'citation("Biobase")', and for packages 'citation("pkgname")'.

Loading required package: DelayedArray
Loading required package: matrixStats

Attaching package: ‘matrixStats’

The following objects are masked from ‘package:Biobase’:

    anyMissing, rowMedians

Loading required package: BiocParallel

Attaching package: ‘DelayedArray’

The following objects are masked from ‘package:matrixStats’:

    colMaxs, colMins, colRanges, rowMaxs, rowMins, rowRanges

The following objects are masked from ‘package:base’:

    aperm, apply, rowsum

Loading required package: SingleCellExperiment
Loading required package: ShortRead
Loading required package: Biostrings
Loading required package: XVector

Attaching package: ‘Biostrings’

The following object is masked from ‘package:base’:

    strsplit

Loading required package: Rsamtools
Loading required package: GenomicAlignments
[1] 0.8045689
[[1]]
 [1] 0.4080458 0.3844799 0.4007580 0.4163356 0.3983065 0.3927443 0.3909086
 [8] 0.3893787 0.4113897 0.3904627

[[2]]
 [1] 0.6034769 0.5874016 0.5985489 0.6088914 0.5966945 0.5931842 0.5919080
 [8] 0.5910206 0.6056069 0.5918319

[[3]]
 [1] 0.8045689 0.7970783 0.8022091 0.8074442 0.8016120 0.7995601 0.7990006
 [8] 0.7983581 0.8057828 0.7986308

